<?xml version="1.0" encoding="UTF-8"?>
<!-- Generated by org.testng.reporters.JUnitReportReporter -->
<testsuite hostname="DESKTOP-N116C5V" name="com.test.FillForm.FillForm" tests="1" failures="0" timestamp="18 Sep 2019 17:53:53 GMT" time="37.443" errors="0">
  <testcase name="test" time="37.443" classname="com.test.FillForm.FillForm"/>
</testsuite> <!-- com.test.FillForm.FillForm -->
